Determining if the pthread_create exist failed with the following output:
Change Dir: /home/wma/sdk-folder/sdk-build/CMakeFiles/CMakeTmp

Run Build Command:"/usr/bin/make" "cmTC_49b2d/fast"
/usr/bin/make -f CMakeFiles/cmTC_49b2d.dir/build.make CMakeFiles/cmTC_49b2d.dir/build
make[1]: Entering directory '/home/wma/sdk-folder/sdk-build/CMakeFiles/CMakeTmp'
/usr/bin/cmake: /usr/local/lib/libcurl.so.4: no version information available (required by /usr/bin/cmake)
Building C object CMakeFiles/cmTC_49b2d.dir/CheckSymbolExists.c.o
/usr/bin/cc     -o CMakeFiles/cmTC_49b2d.dir/CheckSymbolExists.c.o   -c /home/wma/sdk-folder/sdk-build/CMakeFiles/CMakeTmp/CheckSymbolExists.c
/usr/bin/cmake: /usr/local/lib/libcurl.so.4: no version information available (required by /usr/bin/cmake)
Linking C executable cmTC_49b2d
/usr/bin/cmake -E cmake_link_script CMakeFiles/cmTC_49b2d.dir/link.txt --verbose=1
/usr/bin/cmake: /usr/local/lib/libcurl.so.4: no version information available (required by /usr/bin/cmake)
/usr/bin/cc       CMakeFiles/cmTC_49b2d.dir/CheckSymbolExists.c.o  -o cmTC_49b2d -rdynamic 
CMakeFiles/cmTC_49b2d.dir/CheckSymbolExists.c.o: In function `main':
CheckSymbolExists.c:(.text+0x16): undefined reference to `pthread_create'
collect2: error: ld returned 1 exit status
CMakeFiles/cmTC_49b2d.dir/build.make:97: recipe for target 'cmTC_49b2d' failed
make[1]: *** [cmTC_49b2d] Error 1
make[1]: Leaving directory '/home/wma/sdk-folder/sdk-build/CMakeFiles/CMakeTmp'
Makefile:126: recipe for target 'cmTC_49b2d/fast' failed
make: *** [cmTC_49b2d/fast] Error 2

File /home/wma/sdk-folder/sdk-build/CMakeFiles/CMakeTmp/CheckSymbolExists.c:
/* */
#include <pthread.h>

int main(int argc, char** argv)
{
  (void)argv;
#ifndef pthread_create
  return ((int*)(&pthread_create))[argc];
#else
  (void)argc;
  return 0;
#endif
}

Determining if the function pthread_create exists in the pthreads failed with the following output:
Change Dir: /home/wma/sdk-folder/sdk-build/CMakeFiles/CMakeTmp

Run Build Command:"/usr/bin/make" "cmTC_9c7eb/fast"
/usr/bin/make -f CMakeFiles/cmTC_9c7eb.dir/build.make CMakeFiles/cmTC_9c7eb.dir/build
make[1]: Entering directory '/home/wma/sdk-folder/sdk-build/CMakeFiles/CMakeTmp'
/usr/bin/cmake: /usr/local/lib/libcurl.so.4: no version information available (required by /usr/bin/cmake)
Building C object CMakeFiles/cmTC_9c7eb.dir/CheckFunctionExists.c.o
/usr/bin/cc    -DCHECK_FUNCTION_EXISTS=pthread_create   -o CMakeFiles/cmTC_9c7eb.dir/CheckFunctionExists.c.o   -c /usr/share/cmake-3.5/Modules/CheckFunctionExists.c
/usr/bin/cmake: /usr/local/lib/libcurl.so.4: no version information available (required by /usr/bin/cmake)
Linking C executable cmTC_9c7eb
/usr/bin/cmake -E cmake_link_script CMakeFiles/cmTC_9c7eb.dir/link.txt --verbose=1
/usr/bin/cmake: /usr/local/lib/libcurl.so.4: no version information available (required by /usr/bin/cmake)
/usr/bin/cc   -DCHECK_FUNCTION_EXISTS=pthread_create    CMakeFiles/cmTC_9c7eb.dir/CheckFunctionExists.c.o  -o cmTC_9c7eb -rdynamic -lpthreads 
/usr/bin/ld: cannot find -lpthreads
collect2: error: ld returned 1 exit status
CMakeFiles/cmTC_9c7eb.dir/build.make:97: recipe for target 'cmTC_9c7eb' failed
make[1]: *** [cmTC_9c7eb] Error 1
make[1]: Leaving directory '/home/wma/sdk-folder/sdk-build/CMakeFiles/CMakeTmp'
Makefile:126: recipe for target 'cmTC_9c7eb/fast' failed
make: *** [cmTC_9c7eb/fast] Error 2


Compiling the CXX compiler identification source file "CMakeCXXCompilerId.cpp" failed.
Compiler: /usr/bin/c++ 
Build flags: 
Id flags: 

The output was:
No such file or directory


Compiling the CXX compiler identification source file "CMakeCXXCompilerId.cpp" failed.
Compiler: /usr/bin/c++ 
Build flags: 
Id flags: -c

The output was:
No such file or directory


Checking whether the CXX compiler is IAR using "" did not match "IAR .+ Compiler":
Compiling the CXX compiler identification source file "CMakeCXXCompilerId.cpp" failed.
Compiler: /usr/bin/c++ 
Build flags: 
Id flags: 

The output was:
No such file or directory


Compiling the CXX compiler identification source file "CMakeCXXCompilerId.cpp" failed.
Compiler: /usr/bin/c++ 
Build flags: 
Id flags: -c

The output was:
No such file or directory


Checking whether the CXX compiler is IAR using "" did not match "IAR .+ Compiler":
